-------------------------------------------------------------------------------
Test set: org.jitsi.nlj.rtp.bandwidthestimation.BandwidthEstimationTest
-------------------------------------------------------------------------------
Tests run: 2, Failures: 1, Errors: 0, Skipped: 0, Time elapsed: 145.816 s <<< FAILURE! - in org.jitsi.nlj.rtp.bandwidthestimation.BandwidthEstimationTest
should work correctly  Time elapsed: 144.283 s  <<< FAILURE!
java.lang.AssertionError: 2720000.0 should be bigger than 3333333.3333333335
Caused by: java.lang.AssertionError: 2720000.0 should be bigger than 3333333.3333333335

