<?xml version="1.0" encoding="UTF-8"?>
<testsuite xmlns:xsi="http://www.w3.org/2001/XMLSchema-instance" xsi:noNamespaceSchemaLocation="https://maven.apache.org/surefire/maven-surefire-plugin/xsd/surefire-test-report.xsd" name="org.jitsi.nlj.transform.NodeVisitorTest" time="0.019" tests="6" errors="0" skipped="0" failures="0">
  <properties>
[...]
</properties>
  <testcase name="should visit every node" classname="org.jitsi.nlj.transform.NodeVisitorTest" time="0"/>
  <testcase name="should visit every node" classname="org.jitsi.nlj.transform.NodeVisitorTest" time="0"/>
  <testcase name="should visit the nodes in the proper order" classname="org.jitsi.nlj.transform.NodeVisitorTest" time="0.001"/>
  <testcase name="should visit the nodes in the proper order" classname="org.jitsi.nlj.transform.NodeVisitorTest" time="0"/>
  <testcase name="visiting an &apos;incoming-style&apos; pipeline" classname="org.jitsi.nlj.transform.NodeVisitorTest" time="0.001"/>
  <testcase name="visiting an &apos;outgoing-style&apos; pipeline" classname="org.jitsi.nlj.transform.NodeVisitorTest" time="0"/>
</testsuite>